2013-04-10 09:18:49 Error: [MissingControllerException] Controller class IndexController could not be found.
#0 C:\wamp\www\cakephp-cakephp-2.1.1-0-g43cf2f0\cakephp-cakephp-0cad237\app\webroot\index.php(96): Dispatcher->dispatch(Object(CakeRequest), Object(CakeResponse))
#1 {main}
2013-04-10 11:35:59 Error: [MissingControllerException] Controller class SinController could not be found.
#0 C:\wamp\www\cakephp-cakephp-2.1.1-0-g43cf2f0\cakephp-cakephp-0cad237\app\webroot\index.php(96): Dispatcher->dispatch(Object(CakeRequest), Object(CakeResponse))
#1 {main}
2013-04-10 11:36:02 Error: [MissingControllerException] Controller class SignupController could not be found.
#0 C:\wamp\www\cakephp-cakephp-2.1.1-0-g43cf2f0\cakephp-cakephp-0cad237\app\webroot\index.php(96): Dispatcher->dispatch(Object(CakeRequest), Object(CakeResponse))
#1 {main}
2013-04-10 11:36:21 Error: [MissingActionException] Action UsersController::singup() could not be found.
#0 C:\wamp\www\cakephp-cakephp-2.1.1-0-g43cf2f0\cakephp-cakephp-0cad237\lib\Cake\Routing\Dispatcher.php(103): Controller->invokeAction(Object(CakeRequest))
#1 C:\wamp\www\cakephp-cakephp-2.1.1-0-g43cf2f0\cakephp-cakephp-0cad237\lib\Cake\Routing\Dispatcher.php(85): Dispatcher->_invoke(Object(UsersController), Object(CakeRequest), Object(CakeResponse))
#2 C:\wamp\www\cakephp-cakephp-2.1.1-0-g43cf2f0\cakephp-cakephp-0cad237\app\webroot\index.php(96): Dispatcher->dispatch(Object(CakeRequest), Object(CakeResponse))
#3 {main}
2013-04-10 11:46:35 Error: [MissingActionException] Action UsersController::singup() could not be found.
#0 C:\wamp\www\cakephp-cakephp-2.1.1-0-g43cf2f0\cakephp-cakephp-0cad237\lib\Cake\Routing\Dispatcher.php(103): Controller->invokeAction(Object(CakeRequest))
#1 C:\wamp\www\cakephp-cakephp-2.1.1-0-g43cf2f0\cakephp-cakephp-0cad237\lib\Cake\Routing\Dispatcher.php(85): Dispatcher->_invoke(Object(UsersController), Object(CakeRequest), Object(CakeResponse))
#2 C:\wamp\www\cakephp-cakephp-2.1.1-0-g43cf2f0\cakephp-cakephp-0cad237\app\webroot\index.php(96): Dispatcher->dispatch(Object(CakeRequest), Object(CakeResponse))
#3 {main}
2013-04-10 11:46:37 Error: [MissingActionException] Action UsersController::singup() could not be found.
#0 C:\wamp\www\cakephp-cakephp-2.1.1-0-g43cf2f0\cakephp-cakephp-0cad237\lib\Cake\Routing\Dispatcher.php(103): Controller->invokeAction(Object(CakeRequest))
#1 C:\wamp\www\cakephp-cakephp-2.1.1-0-g43cf2f0\cakephp-cakephp-0cad237\lib\Cake\Routing\Dispatcher.php(85): Dispatcher->_invoke(Object(UsersController), Object(CakeRequest), Object(CakeResponse))
#2 C:\wamp\www\cakephp-cakephp-2.1.1-0-g43cf2f0\cakephp-cakephp-0cad237\app\webroot\index.php(96): Dispatcher->dispatch(Object(CakeRequest), Object(CakeResponse))
#3 {main}
2013-04-10 11:46:37 Error: [MissingControllerException] Controller class SignupController could not be found.
#0 C:\wamp\www\cakephp-cakephp-2.1.1-0-g43cf2f0\cakephp-cakephp-0cad237\app\webroot\index.php(96): Dispatcher->dispatch(Object(CakeRequest), Object(CakeResponse))
#1 {main}
2013-04-10 11:46:38 Error: [MissingControllerException] Controller class SinController could not be found.
#0 C:\wamp\www\cakephp-cakephp-2.1.1-0-g43cf2f0\cakephp-cakephp-0cad237\app\webroot\index.php(96): Dispatcher->dispatch(Object(CakeRequest), Object(CakeResponse))
#1 {main}
2013-04-10 14:41:55 Error: [MissingActionException] Action UsersController::index() could not be found.
#0 C:\wamp\www\cakephp-cakephp-2.1.1-0-g43cf2f0\cakephp-cakephp-0cad237\lib\Cake\Routing\Dispatcher.php(103): Controller->invokeAction(Object(CakeRequest))
#1 C:\wamp\www\cakephp-cakephp-2.1.1-0-g43cf2f0\cakephp-cakephp-0cad237\lib\Cake\Routing\Dispatcher.php(85): Dispatcher->_invoke(Object(UsersController), Object(CakeRequest), Object(CakeResponse))
#2 C:\wamp\www\cakephp-cakephp-2.1.1-0-g43cf2f0\cakephp-cakephp-0cad237\app\webroot\index.php(96): Dispatcher->dispatch(Object(CakeRequest), Object(CakeResponse))
#3 {main}
2013-04-10 14:41:58 Error: [MissingActionException] Action UsersController::singup() could not be found.
#0 C:\wamp\www\cakephp-cakephp-2.1.1-0-g43cf2f0\cakephp-cakephp-0cad237\lib\Cake\Routing\Dispatcher.php(103): Controller->invokeAction(Object(CakeRequest))
#1 C:\wamp\www\cakephp-cakephp-2.1.1-0-g43cf2f0\cakephp-cakephp-0cad237\lib\Cake\Routing\Dispatcher.php(85): Dispatcher->_invoke(Object(UsersController), Object(CakeRequest), Object(CakeResponse))
#2 C:\wamp\www\cakephp-cakephp-2.1.1-0-g43cf2f0\cakephp-cakephp-0cad237\app\webroot\index.php(96): Dispatcher->dispatch(Object(CakeRequest), Object(CakeResponse))
#3 {main}
2013-04-10 14:52:24 Error: [MissingActionException] Action UsersController::login() could not be found.
#0 C:\wamp\www\cakephp-cakephp-2.1.1-0-g43cf2f0\cakephp-cakephp-0cad237\lib\Cake\Routing\Dispatcher.php(103): Controller->invokeAction(Object(CakeRequest))
#1 C:\wamp\www\cakephp-cakephp-2.1.1-0-g43cf2f0\cakephp-cakephp-0cad237\lib\Cake\Routing\Dispatcher.php(85): Dispatcher->_invoke(Object(UsersController), Object(CakeRequest), Object(CakeResponse))
#2 C:\wamp\www\cakephp-cakephp-2.1.1-0-g43cf2f0\cakephp-cakephp-0cad237\app\webroot\index.php(96): Dispatcher->dispatch(Object(CakeRequest), Object(CakeResponse))
#3 {main}
2013-04-10 14:52:39 Error: [MissingActionException] Action UsersController::singup() could not be found.
#0 C:\wamp\www\cakephp-cakephp-2.1.1-0-g43cf2f0\cakephp-cakephp-0cad237\lib\Cake\Routing\Dispatcher.php(103): Controller->invokeAction(Object(CakeRequest))
#1 C:\wamp\www\cakephp-cakephp-2.1.1-0-g43cf2f0\cakephp-cakephp-0cad237\lib\Cake\Routing\Dispatcher.php(85): Dispatcher->_invoke(Object(UsersController), Object(CakeRequest), Object(CakeResponse))
#2 C:\wamp\www\cakephp-cakephp-2.1.1-0-g43cf2f0\cakephp-cakephp-0cad237\app\webroot\index.php(96): Dispatcher->dispatch(Object(CakeRequest), Object(CakeResponse))
#3 {main}
2013-04-10 14:52:42 Error: [MissingActionException] Action UsersController::login() could not be found.
#0 C:\wamp\www\cakephp-cakephp-2.1.1-0-g43cf2f0\cakephp-cakephp-0cad237\lib\Cake\Routing\Dispatcher.php(103): Controller->invokeAction(Object(CakeRequest))
#1 C:\wamp\www\cakephp-cakephp-2.1.1-0-g43cf2f0\cakephp-cakephp-0cad237\lib\Cake\Routing\Dispatcher.php(85): Dispatcher->_invoke(Object(UsersController), Object(CakeRequest), Object(CakeResponse))
#2 C:\wamp\www\cakephp-cakephp-2.1.1-0-g43cf2f0\cakephp-cakephp-0cad237\app\webroot\index.php(96): Dispatcher->dispatch(Object(CakeRequest), Object(CakeResponse))
#3 {main}
2013-04-10 14:52:47 Error: [MissingActionException] Action UsersController::login() could not be found.
#0 C:\wamp\www\cakephp-cakephp-2.1.1-0-g43cf2f0\cakephp-cakephp-0cad237\lib\Cake\Routing\Dispatcher.php(103): Controller->invokeAction(Object(CakeRequest))
#1 C:\wamp\www\cakephp-cakephp-2.1.1-0-g43cf2f0\cakephp-cakephp-0cad237\lib\Cake\Routing\Dispatcher.php(85): Dispatcher->_invoke(Object(UsersController), Object(CakeRequest), Object(CakeResponse))
#2 C:\wamp\www\cakephp-cakephp-2.1.1-0-g43cf2f0\cakephp-cakephp-0cad237\app\webroot\index.php(96): Dispatcher->dispatch(Object(CakeRequest), Object(CakeResponse))
#3 {main}
2013-04-10 14:52:56 Error: [MissingActionException] Action UsersController::login() could not be found.
#0 C:\wamp\www\cakephp-cakephp-2.1.1-0-g43cf2f0\cakephp-cakephp-0cad237\lib\Cake\Routing\Dispatcher.php(103): Controller->invokeAction(Object(CakeRequest))
#1 C:\wamp\www\cakephp-cakephp-2.1.1-0-g43cf2f0\cakephp-cakephp-0cad237\lib\Cake\Routing\Dispatcher.php(85): Dispatcher->_invoke(Object(UsersController), Object(CakeRequest), Object(CakeResponse))
#2 C:\wamp\www\cakephp-cakephp-2.1.1-0-g43cf2f0\cakephp-cakephp-0cad237\app\webroot\index.php(96): Dispatcher->dispatch(Object(CakeRequest), Object(CakeResponse))
#3 {main}
2013-04-10 14:53:06 Error: [MissingActionException] Action UsersController::login() could not be found.
#0 C:\wamp\www\cakephp-cakephp-2.1.1-0-g43cf2f0\cakephp-cakephp-0cad237\lib\Cake\Routing\Dispatcher.php(103): Controller->invokeAction(Object(CakeRequest))
#1 C:\wamp\www\cakephp-cakephp-2.1.1-0-g43cf2f0\cakephp-cakephp-0cad237\lib\Cake\Routing\Dispatcher.php(85): Dispatcher->_invoke(Object(UsersController), Object(CakeRequest), Object(CakeResponse))
#2 C:\wamp\www\cakephp-cakephp-2.1.1-0-g43cf2f0\cakephp-cakephp-0cad237\app\webroot\index.php(96): Dispatcher->dispatch(Object(CakeRequest), Object(CakeResponse))
#3 {main}
2013-04-10 14:53:06 Error: [MissingActionException] Action UsersController::login() could not be found.
#0 C:\wamp\www\cakephp-cakephp-2.1.1-0-g43cf2f0\cakephp-cakephp-0cad237\lib\Cake\Routing\Dispatcher.php(103): Controller->invokeAction(Object(CakeRequest))
#1 C:\wamp\www\cakephp-cakephp-2.1.1-0-g43cf2f0\cakephp-cakephp-0cad237\lib\Cake\Routing\Dispatcher.php(85): Dispatcher->_invoke(Object(UsersController), Object(CakeRequest), Object(CakeResponse))
#2 C:\wamp\www\cakephp-cakephp-2.1.1-0-g43cf2f0\cakephp-cakephp-0cad237\app\webroot\index.php(96): Dispatcher->dispatch(Object(CakeRequest), Object(CakeResponse))
#3 {main}
2013-04-10 14:54:13 Error: [MissingActionException] Action UsersController::login() could not be found.
#0 C:\wamp\www\cakephp-cakephp-2.1.1-0-g43cf2f0\cakephp-cakephp-0cad237\lib\Cake\Routing\Dispatcher.php(103): Controller->invokeAction(Object(CakeRequest))
#1 C:\wamp\www\cakephp-cakephp-2.1.1-0-g43cf2f0\cakephp-cakephp-0cad237\lib\Cake\Routing\Dispatcher.php(85): Dispatcher->_invoke(Object(UsersController), Object(CakeRequest), Object(CakeResponse))
#2 C:\wamp\www\cakephp-cakephp-2.1.1-0-g43cf2f0\cakephp-cakephp-0cad237\app\webroot\index.php(96): Dispatcher->dispatch(Object(CakeRequest), Object(CakeResponse))
#3 {main}
2013-04-10 14:54:13 Error: [MissingActionException] Action UsersController::login() could not be found.
#0 C:\wamp\www\cakephp-cakephp-2.1.1-0-g43cf2f0\cakephp-cakephp-0cad237\lib\Cake\Routing\Dispatcher.php(103): Controller->invokeAction(Object(CakeRequest))
#1 C:\wamp\www\cakephp-cakephp-2.1.1-0-g43cf2f0\cakephp-cakephp-0cad237\lib\Cake\Routing\Dispatcher.php(85): Dispatcher->_invoke(Object(UsersController), Object(CakeRequest), Object(CakeResponse))
#2 C:\wamp\www\cakephp-cakephp-2.1.1-0-g43cf2f0\cakephp-cakephp-0cad237\app\webroot\index.php(96): Dispatcher->dispatch(Object(CakeRequest), Object(CakeResponse))
#3 {main}
2013-04-10 14:54:33 Error: [MissingActionException] Action UsersController::login() could not be found.
#0 C:\wamp\www\cakephp-cakephp-2.1.1-0-g43cf2f0\cakephp-cakephp-0cad237\lib\Cake\Routing\Dispatcher.php(103): Controller->invokeAction(Object(CakeRequest))
#1 C:\wamp\www\cakephp-cakephp-2.1.1-0-g43cf2f0\cakephp-cakephp-0cad237\lib\Cake\Routing\Dispatcher.php(85): Dispatcher->_invoke(Object(UsersController), Object(CakeRequest), Object(CakeResponse))
#2 C:\wamp\www\cakephp-cakephp-2.1.1-0-g43cf2f0\cakephp-cakephp-0cad237\app\webroot\index.php(96): Dispatcher->dispatch(Object(CakeRequest), Object(CakeResponse))
#3 {main}
2013-04-10 14:54:33 Error: [MissingActionException] Action UsersController::login() could not be found.
#0 C:\wamp\www\cakephp-cakephp-2.1.1-0-g43cf2f0\cakephp-cakephp-0cad237\lib\Cake\Routing\Dispatcher.php(103): Controller->invokeAction(Object(CakeRequest))
#1 C:\wamp\www\cakephp-cakephp-2.1.1-0-g43cf2f0\cakephp-cakephp-0cad237\lib\Cake\Routing\Dispatcher.php(85): Dispatcher->_invoke(Object(UsersController), Object(CakeRequest), Object(CakeResponse))
#2 C:\wamp\www\cakephp-cakephp-2.1.1-0-g43cf2f0\cakephp-cakephp-0cad237\app\webroot\index.php(96): Dispatcher->dispatch(Object(CakeRequest), Object(CakeResponse))
#3 {main}
2013-04-10 14:54:34 Error: [MissingActionException] Action UsersController::login() could not be found.
#0 C:\wamp\www\cakephp-cakephp-2.1.1-0-g43cf2f0\cakephp-cakephp-0cad237\lib\Cake\Routing\Dispatcher.php(103): Controller->invokeAction(Object(CakeRequest))
#1 C:\wamp\www\cakephp-cakephp-2.1.1-0-g43cf2f0\cakephp-cakephp-0cad237\lib\Cake\Routing\Dispatcher.php(85): Dispatcher->_invoke(Object(UsersController), Object(CakeRequest), Object(CakeResponse))
#2 C:\wamp\www\cakephp-cakephp-2.1.1-0-g43cf2f0\cakephp-cakephp-0cad237\app\webroot\index.php(96): Dispatcher->dispatch(Object(CakeRequest), Object(CakeResponse))
#3 {main}
2013-04-10 14:54:37 Error: [MissingActionException] Action UsersController::singup() could not be found.
#0 C:\wamp\www\cakephp-cakephp-2.1.1-0-g43cf2f0\cakephp-cakephp-0cad237\lib\Cake\Routing\Dispatcher.php(103): Controller->invokeAction(Object(CakeRequest))
#1 C:\wamp\www\cakephp-cakephp-2.1.1-0-g43cf2f0\cakephp-cakephp-0cad237\lib\Cake\Routing\Dispatcher.php(85): Dispatcher->_invoke(Object(UsersController), Object(CakeRequest), Object(CakeResponse))
#2 C:\wamp\www\cakephp-cakephp-2.1.1-0-g43cf2f0\cakephp-cakephp-0cad237\app\webroot\index.php(96): Dispatcher->dispatch(Object(CakeRequest), Object(CakeResponse))
#3 {main}
2013-04-12 08:22:29 Error: [MissingActionException] Action UsersController::login() could not be found.
#0 C:\wamp\www\cakephp-cakephp-2.1.1-0-g43cf2f0\cakephp-cakephp-0cad237\lib\Cake\Routing\Dispatcher.php(103): Controller->invokeAction(Object(CakeRequest))
#1 C:\wamp\www\cakephp-cakephp-2.1.1-0-g43cf2f0\cakephp-cakephp-0cad237\lib\Cake\Routing\Dispatcher.php(85): Dispatcher->_invoke(Object(UsersController), Object(CakeRequest), Object(CakeResponse))
#2 C:\wamp\www\cakephp-cakephp-2.1.1-0-g43cf2f0\cakephp-cakephp-0cad237\app\webroot\index.php(96): Dispatcher->dispatch(Object(CakeRequest), Object(CakeResponse))
#3 {main}
2013-04-12 12:14:10 Error: [SocketException] Could not send email.
#0 C:\wamp\www\cakephp-cakephp-2.1.1-0-g43cf2f0\cakephp-cakephp-0cad237\lib\Cake\Network\Email\CakeEmail.php(972): MailTransport->send(Object(CakeEmail))
#1 C:\wamp\www\cakephp-cakephp-2.1.1-0-g43cf2f0\cakephp-cakephp-0cad237\app\Controller\UsersController.php(24): CakeEmail->send()
#2 [internal function]: UsersController->signup()
#3 C:\wamp\www\cakephp-cakephp-2.1.1-0-g43cf2f0\cakephp-cakephp-0cad237\lib\Cake\Controller\Controller.php(485): ReflectionMethod->invokeArgs(Object(UsersController), Array)
#4 C:\wamp\www\cakephp-cakephp-2.1.1-0-g43cf2f0\cakephp-cakephp-0cad237\lib\Cake\Routing\Dispatcher.php(103): Controller->invokeAction(Object(CakeRequest))
#5 C:\wamp\www\cakephp-cakephp-2.1.1-0-g43cf2f0\cakephp-cakephp-0cad237\lib\Cake\Routing\Dispatcher.php(85): Dispatcher->_invoke(Object(UsersController), Object(CakeRequest), Object(CakeResponse))
#6 C:\wamp\www\cakephp-cakephp-2.1.1-0-g43cf2f0\cakephp-cakephp-0cad237\app\webroot\index.php(96): Dispatcher->dispatch(Object(CakeRequest), Object(CakeResponse))
#7 {main}
2013-04-12 13:29:58 Error: [MissingActionException] Action UsersController::index() could not be found.
#0 C:\wamp\www\cakephp-cakephp-2.1.1-0-g43cf2f0\cakephp-cakephp-0cad237\lib\Cake\Routing\Dispatcher.php(103): Controller->invokeAction(Object(CakeRequest))
#1 C:\wamp\www\cakephp-cakephp-2.1.1-0-g43cf2f0\cakephp-cakephp-0cad237\lib\Cake\Routing\Dispatcher.php(85): Dispatcher->_invoke(Object(UsersController), Object(CakeRequest), Object(CakeResponse))
#2 C:\wamp\www\cakephp-cakephp-2.1.1-0-g43cf2f0\cakephp-cakephp-0cad237\app\webroot\index.php(96): Dispatcher->dispatch(Object(CakeRequest), Object(CakeResponse))
#3 {main}
2013-04-12 13:34:18 Error: [SocketException] Invalid email: "site@localhost"
#0 C:\wamp\www\cakephp-cakephp-2.1.1-0-g43cf2f0\cakephp-cakephp-0cad237\lib\Cake\Network\Email\CakeEmail.php(508): CakeEmail->_setEmail('_from', Array, NULL)
#1 C:\wamp\www\cakephp-cakephp-2.1.1-0-g43cf2f0\cakephp-cakephp-0cad237\lib\Cake\Network\Email\CakeEmail.php(324): CakeEmail->_setEmailSingle('_from', Array, NULL, 'From requires o...')
#2 C:\wamp\www\cakephp-cakephp-2.1.1-0-g43cf2f0\cakephp-cakephp-0cad237\lib\Cake\Network\Email\CakeEmail.php(1054): CakeEmail->from(Array)
#3 C:\wamp\www\cakephp-cakephp-2.1.1-0-g43cf2f0\cakephp-cakephp-0cad237\lib\Cake\Network\Email\CakeEmail.php(945): CakeEmail->_applyConfig('smtp')
#4 C:\wamp\www\cakephp-cakephp-2.1.1-0-g43cf2f0\cakephp-cakephp-0cad237\lib\Cake\Network\Email\CakeEmail.php(305): CakeEmail->config('smtp')
#5 C:\wamp\www\cakephp-cakephp-2.1.1-0-g43cf2f0\cakephp-cakephp-0cad237\app\Controller\UsersController.php(28): CakeEmail->__construct('smtp')
#6 [internal function]: UsersController->signup()
#7 C:\wamp\www\cakephp-cakephp-2.1.1-0-g43cf2f0\cakephp-cakephp-0cad237\lib\Cake\Controller\Controller.php(485): ReflectionMethod->invokeArgs(Object(UsersController), Array)
#8 C:\wamp\www\cakephp-cakephp-2.1.1-0-g43cf2f0\cakephp-cakephp-0cad237\lib\Cake\Routing\Dispatcher.php(103): Controller->invokeAction(Object(CakeRequest))
#9 C:\wamp\www\cakephp-cakephp-2.1.1-0-g43cf2f0\cakephp-cakephp-0cad237\lib\Cake\Routing\Dispatcher.php(85): Dispatcher->_invoke(Object(UsersController), Object(CakeRequest), Object(CakeResponse))
#10 C:\wamp\www\cakephp-cakephp-2.1.1-0-g43cf2f0\cakephp-cakephp-0cad237\app\webroot\index.php(96): Dispatcher->dispatch(Object(CakeRequest), Object(CakeResponse))
#11 {main}
2013-04-12 13:34:52 Error: [SocketException] Invalid email: "site@localhost"
#0 C:\wamp\www\cakephp-cakephp-2.1.1-0-g43cf2f0\cakephp-cakephp-0cad237\lib\Cake\Network\Email\CakeEmail.php(508): CakeEmail->_setEmail('_from', Array, NULL)
#1 C:\wamp\www\cakephp-cakephp-2.1.1-0-g43cf2f0\cakephp-cakephp-0cad237\lib\Cake\Network\Email\CakeEmail.php(324): CakeEmail->_setEmailSingle('_from', Array, NULL, 'From requires o...')
#2 C:\wamp\www\cakephp-cakephp-2.1.1-0-g43cf2f0\cakephp-cakephp-0cad237\lib\Cake\Network\Email\CakeEmail.php(1054): CakeEmail->from(Array)
#3 C:\wamp\www\cakephp-cakephp-2.1.1-0-g43cf2f0\cakephp-cakephp-0cad237\lib\Cake\Network\Email\CakeEmail.php(945): CakeEmail->_applyConfig('smtp')
#4 C:\wamp\www\cakephp-cakephp-2.1.1-0-g43cf2f0\cakephp-cakephp-0cad237\lib\Cake\Network\Email\CakeEmail.php(305): CakeEmail->config('smtp')
#5 C:\wamp\www\cakephp-cakephp-2.1.1-0-g43cf2f0\cakephp-cakephp-0cad237\app\Controller\UsersController.php(28): CakeEmail->__construct('smtp')
#6 [internal function]: UsersController->signup()
#7 C:\wamp\www\cakephp-cakephp-2.1.1-0-g43cf2f0\cakephp-cakephp-0cad237\lib\Cake\Controller\Controller.php(485): ReflectionMethod->invokeArgs(Object(UsersController), Array)
#8 C:\wamp\www\cakephp-cakephp-2.1.1-0-g43cf2f0\cakephp-cakephp-0cad237\lib\Cake\Routing\Dispatcher.php(103): Controller->invokeAction(Object(CakeRequest))
#9 C:\wamp\www\cakephp-cakephp-2.1.1-0-g43cf2f0\cakephp-cakephp-0cad237\lib\Cake\Routing\Dispatcher.php(85): Dispatcher->_invoke(Object(UsersController), Object(CakeRequest), Object(CakeResponse))
#10 C:\wamp\www\cakephp-cakephp-2.1.1-0-g43cf2f0\cakephp-cakephp-0cad237\app\webroot\index.php(96): Dispatcher->dispatch(Object(CakeRequest), Object(CakeResponse))
#11 {main}
2013-04-12 13:36:42 Error: [SocketException] Invalid email: "site@localhost"
#0 C:\wamp\www\cakephp-cakephp-2.1.1-0-g43cf2f0\cakephp-cakephp-0cad237\lib\Cake\Network\Email\CakeEmail.php(508): CakeEmail->_setEmail('_from', Array, NULL)
#1 C:\wamp\www\cakephp-cakephp-2.1.1-0-g43cf2f0\cakephp-cakephp-0cad237\lib\Cake\Network\Email\CakeEmail.php(324): CakeEmail->_setEmailSingle('_from', Array, NULL, 'From requires o...')
#2 C:\wamp\www\cakephp-cakephp-2.1.1-0-g43cf2f0\cakephp-cakephp-0cad237\lib\Cake\Network\Email\CakeEmail.php(1054): CakeEmail->from(Array)
#3 C:\wamp\www\cakephp-cakephp-2.1.1-0-g43cf2f0\cakephp-cakephp-0cad237\lib\Cake\Network\Email\CakeEmail.php(945): CakeEmail->_applyConfig('smtp')
#4 C:\wamp\www\cakephp-cakephp-2.1.1-0-g43cf2f0\cakephp-cakephp-0cad237\lib\Cake\Network\Email\CakeEmail.php(305): CakeEmail->config('smtp')
#5 C:\wamp\www\cakephp-cakephp-2.1.1-0-g43cf2f0\cakephp-cakephp-0cad237\app\Controller\UsersController.php(27): CakeEmail->__construct('smtp')
#6 [internal function]: UsersController->signup()
#7 C:\wamp\www\cakephp-cakephp-2.1.1-0-g43cf2f0\cakephp-cakephp-0cad237\lib\Cake\Controller\Controller.php(485): ReflectionMethod->invokeArgs(Object(UsersController), Array)
#8 C:\wamp\www\cakephp-cakephp-2.1.1-0-g43cf2f0\cakephp-cakephp-0cad237\lib\Cake\Routing\Dispatcher.php(103): Controller->invokeAction(Object(CakeRequest))
#9 C:\wamp\www\cakephp-cakephp-2.1.1-0-g43cf2f0\cakephp-cakephp-0cad237\lib\Cake\Routing\Dispatcher.php(85): Dispatcher->_invoke(Object(UsersController), Object(CakeRequest), Object(CakeResponse))
#10 C:\wamp\www\cakephp-cakephp-2.1.1-0-g43cf2f0\cakephp-cakephp-0cad237\app\webroot\index.php(96): Dispatcher->dispatch(Object(CakeRequest), Object(CakeResponse))
#11 {main}
2013-04-12 13:52:35 Error: [MissingActionException] Action UsersController::index() could not be found.
#0 C:\wamp\www\cakephp-cakephp-2.1.1-0-g43cf2f0\cakephp-cakephp-0cad237\lib\Cake\Routing\Dispatcher.php(103): Controller->invokeAction(Object(CakeRequest))
#1 C:\wamp\www\cakephp-cakephp-2.1.1-0-g43cf2f0\cakephp-cakephp-0cad237\lib\Cake\Routing\Dispatcher.php(85): Dispatcher->_invoke(Object(UsersController), Object(CakeRequest), Object(CakeResponse))
#2 C:\wamp\www\cakephp-cakephp-2.1.1-0-g43cf2f0\cakephp-cakephp-0cad237\app\webroot\index.php(96): Dispatcher->dispatch(Object(CakeRequest), Object(CakeResponse))
#3 {main}
2013-04-12 13:53:23 Error: [MissingControllerException] Controller class UserController could not be found.
#0 C:\wamp\www\cakephp-cakephp-2.1.1-0-g43cf2f0\cakephp-cakephp-0cad237\app\webroot\index.php(96): Dispatcher->dispatch(Object(CakeRequest), Object(CakeResponse))
#1 {main}
2013-04-12 13:54:44 Error: [MissingActionException] Action UsersController::index() could not be found.
#0 C:\wamp\www\cakephp-cakephp-2.1.1-0-g43cf2f0\cakephp-cakephp-0cad237\lib\Cake\Routing\Dispatcher.php(103): Controller->invokeAction(Object(CakeRequest))
#1 C:\wamp\www\cakephp-cakephp-2.1.1-0-g43cf2f0\cakephp-cakephp-0cad237\lib\Cake\Routing\Dispatcher.php(85): Dispatcher->_invoke(Object(UsersController), Object(CakeRequest), Object(CakeResponse))
#2 C:\wamp\www\cakephp-cakephp-2.1.1-0-g43cf2f0\cakephp-cakephp-0cad237\app\webroot\index.php(96): Dispatcher->dispatch(Object(CakeRequest), Object(CakeResponse))
#3 {main}
2013-04-12 14:02:27 Error: [MissingActionException] Action UsersController::index() could not be found.
#0 C:\wamp\www\cakephp-cakephp-2.1.1-0-g43cf2f0\cakephp-cakephp-0cad237\lib\Cake\Routing\Dispatcher.php(103): Controller->invokeAction(Object(CakeRequest))
#1 C:\wamp\www\cakephp-cakephp-2.1.1-0-g43cf2f0\cakephp-cakephp-0cad237\lib\Cake\Routing\Dispatcher.php(85): Dispatcher->_invoke(Object(UsersController), Object(CakeRequest), Object(CakeResponse))
#2 C:\wamp\www\cakephp-cakephp-2.1.1-0-g43cf2f0\cakephp-cakephp-0cad237\app\webroot\index.php(96): Dispatcher->dispatch(Object(CakeRequest), Object(CakeResponse))
#3 {main}
2013-04-13 09:22:09 Error: [MissingHelperException] Helper class JavascriptHelper could not be found.
#0 C:\wamp\www\cakephp-cakephp-2.1.1-0-g43cf2f0\cakephp-cakephp-0cad237\lib\Cake\View\View.php(850): HelperCollection->load('Javascript', Array)
#1 C:\wamp\www\cakephp-cakephp-2.1.1-0-g43cf2f0\cakephp-cakephp-0cad237\lib\Cake\View\View.php(456): View->loadHelpers()
#2 C:\wamp\www\cakephp-cakephp-2.1.1-0-g43cf2f0\cakephp-cakephp-0cad237\lib\Cake\Controller\Controller.php(959): View->render(NULL, NULL)
#3 C:\wamp\www\cakephp-cakephp-2.1.1-0-g43cf2f0\cakephp-cakephp-0cad237\lib\Cake\Routing\Dispatcher.php(110): Controller->render()
#4 C:\wamp\www\cakephp-cakephp-2.1.1-0-g43cf2f0\cakephp-cakephp-0cad237\lib\Cake\Routing\Dispatcher.php(85): Dispatcher->_invoke(Object(UsersController), Object(CakeRequest), Object(CakeResponse))
#5 C:\wamp\www\cakephp-cakephp-2.1.1-0-g43cf2f0\cakephp-cakephp-0cad237\app\webroot\index.php(96): Dispatcher->dispatch(Object(CakeRequest), Object(CakeResponse))
#6 {main}
2013-04-13 09:26:21 Error: [MissingActionException] Action UsersController::index() could not be found.
#0 C:\wamp\www\cakephp-cakephp-2.1.1-0-g43cf2f0\cakephp-cakephp-0cad237\lib\Cake\Routing\Dispatcher.php(103): Controller->invokeAction(Object(CakeRequest))
#1 C:\wamp\www\cakephp-cakephp-2.1.1-0-g43cf2f0\cakephp-cakephp-0cad237\lib\Cake\Routing\Dispatcher.php(85): Dispatcher->_invoke(Object(UsersController), Object(CakeRequest), Object(CakeResponse))
#2 C:\wamp\www\cakephp-cakephp-2.1.1-0-g43cf2f0\cakephp-cakephp-0cad237\app\webroot\index.php(96): Dispatcher->dispatch(Object(CakeRequest), Object(CakeResponse))
#3 {main}
2013-04-15 07:47:14 Error: [MissingActionException] Action UsersController::index() could not be found.
#0 C:\wamp\www\cakephp-cakephp-2.1.1-0-g43cf2f0\cakephp-cakephp-0cad237\lib\Cake\Routing\Dispatcher.php(103): Controller->invokeAction(Object(CakeRequest))
#1 C:\wamp\www\cakephp-cakephp-2.1.1-0-g43cf2f0\cakephp-cakephp-0cad237\lib\Cake\Routing\Dispatcher.php(85): Dispatcher->_invoke(Object(UsersController), Object(CakeRequest), Object(CakeResponse))
#2 C:\wamp\www\cakephp-cakephp-2.1.1-0-g43cf2f0\cakephp-cakephp-0cad237\app\webroot\index.php(96): Dispatcher->dispatch(Object(CakeRequest), Object(CakeResponse))
#3 {main}
2013-04-15 07:47:46 Error: [MissingActionException] Action UsersController::index() could not be found.
#0 C:\wamp\www\cakephp-cakephp-2.1.1-0-g43cf2f0\cakephp-cakephp-0cad237\lib\Cake\Routing\Dispatcher.php(103): Controller->invokeAction(Object(CakeRequest))
#1 C:\wamp\www\cakephp-cakephp-2.1.1-0-g43cf2f0\cakephp-cakephp-0cad237\lib\Cake\Routing\Dispatcher.php(85): Dispatcher->_invoke(Object(UsersController), Object(CakeRequest), Object(CakeResponse))
#2 C:\wamp\www\cakephp-cakephp-2.1.1-0-g43cf2f0\cakephp-cakephp-0cad237\app\webroot\index.php(96): Dispatcher->dispatch(Object(CakeRequest), Object(CakeResponse))
#3 {main}
2013-04-15 08:38:28 Error: [MissingActionException] Action UsersController::index() could not be found.
#0 C:\wamp\www\cakephp-cakephp-2.1.1-0-g43cf2f0\cakephp-cakephp-0cad237\lib\Cake\Routing\Dispatcher.php(103): Controller->invokeAction(Object(CakeRequest))
#1 C:\wamp\www\cakephp-cakephp-2.1.1-0-g43cf2f0\cakephp-cakephp-0cad237\lib\Cake\Routing\Dispatcher.php(85): Dispatcher->_invoke(Object(UsersController), Object(CakeRequest), Object(CakeResponse))
#2 C:\wamp\www\cakephp-cakephp-2.1.1-0-g43cf2f0\cakephp-cakephp-0cad237\app\webroot\index.php(96): Dispatcher->dispatch(Object(CakeRequest), Object(CakeResponse))
#3 {main}
2013-04-15 09:48:54 Error: [MissingActionException] Action UsersController::password() could not be found.
#0 C:\wamp\www\cakephp-cakephp-2.1.1-0-g43cf2f0\cakephp-cakephp-0cad237\lib\Cake\Routing\Dispatcher.php(103): Controller->invokeAction(Object(CakeRequest))
#1 C:\wamp\www\cakephp-cakephp-2.1.1-0-g43cf2f0\cakephp-cakephp-0cad237\lib\Cake\Routing\Dispatcher.php(85): Dispatcher->_invoke(Object(UsersController), Object(CakeRequest), Object(CakeResponse))
#2 C:\wamp\www\cakephp-cakephp-2.1.1-0-g43cf2f0\cakephp-cakephp-0cad237\app\webroot\index.php(96): Dispatcher->dispatch(Object(CakeRequest), Object(CakeResponse))
#3 {main}
2013-04-15 09:54:24 Error: [MissingActionException] Action UsersController::password() could not be found.
#0 C:\wamp\www\cakephp-cakephp-2.1.1-0-g43cf2f0\cakephp-cakephp-0cad237\lib\Cake\Routing\Dispatcher.php(103): Controller->invokeAction(Object(CakeRequest))
#1 C:\wamp\www\cakephp-cakephp-2.1.1-0-g43cf2f0\cakephp-cakephp-0cad237\lib\Cake\Routing\Dispatcher.php(85): Dispatcher->_invoke(Object(UsersController), Object(CakeRequest), Object(CakeResponse))
#2 C:\wamp\www\cakephp-cakephp-2.1.1-0-g43cf2f0\cakephp-cakephp-0cad237\app\webroot\index.php(96): Dispatcher->dispatch(Object(CakeRequest), Object(CakeResponse))
#3 {main}
2013-04-16 08:19:31 Error: [MissingActionException] Action UsersController::activate() could not be found.
#0 C:\wamp\www\cakephp-cakephp-2.1.1-0-g43cf2f0\cakephp-cakephp-0cad237\lib\Cake\Routing\Dispatcher.php(103): Controller->invokeAction(Object(CakeRequest))
#1 C:\wamp\www\cakephp-cakephp-2.1.1-0-g43cf2f0\cakephp-cakephp-0cad237\lib\Cake\Routing\Dispatcher.php(85): Dispatcher->_invoke(Object(UsersController), Object(CakeRequest), Object(CakeResponse))
#2 C:\wamp\www\cakephp-cakephp-2.1.1-0-g43cf2f0\cakephp-cakephp-0cad237\app\webroot\index.php(96): Dispatcher->dispatch(Object(CakeRequest), Object(CakeResponse))
#3 {main}
2013-04-16 08:45:47 Error: [PDOException] SQLSTATE[42000]: Syntax error or access violation: 1064 You have an error in your SQL syntax; check the manual that corresponds to your MySQL server version for the right syntax to use near 'LIMIT 1' at line 1
#0 C:\wamp\www\cakephp-cakephp-2.1.1-0-g43cf2f0\cakephp-cakephp-0cad237\lib\Cake\Model\Datasource\DboSource.php(437): PDOStatement->execute(Array)
#1 C:\wamp\www\cakephp-cakephp-2.1.1-0-g43cf2f0\cakephp-cakephp-0cad237\lib\Cake\Model\Datasource\DboSource.php(403): DboSource->_execute('SELECT `User`.`...', Array)
#2 C:\wamp\www\cakephp-cakephp-2.1.1-0-g43cf2f0\cakephp-cakephp-0cad237\lib\Cake\Model\Datasource\DboSource.php(647): DboSource->execute('SELECT `User`.`...', Array, Array)
#3 C:\wamp\www\cakephp-cakephp-2.1.1-0-g43cf2f0\cakephp-cakephp-0cad237\lib\Cake\Model\Datasource\DboSource.php(1058): DboSource->fetchAll('SELECT `User`.`...', false)
#4 C:\wamp\www\cakephp-cakephp-2.1.1-0-g43cf2f0\cakephp-cakephp-0cad237\lib\Cake\Model\Model.php(2653): DboSource->read(Object(User), Array)
#5 C:\wamp\www\cakephp-cakephp-2.1.1-0-g43cf2f0\cakephp-cakephp-0cad237\app\Controller\UsersController.php(42): Model->find('first', Array)
#6 [internal function]: UsersController->activate('50-668aa56196f7...')
#7 C:\wamp\www\cakephp-cakephp-2.1.1-0-g43cf2f0\cakephp-cakephp-0cad237\lib\Cake\Controller\Controller.php(485): ReflectionMethod->invokeArgs(Object(UsersController), Array)
#8 C:\wamp\www\cakephp-cakephp-2.1.1-0-g43cf2f0\cakephp-cakephp-0cad237\lib\Cake\Routing\Dispatcher.php(103): Controller->invokeAction(Object(CakeRequest))
#9 C:\wamp\www\cakephp-cakephp-2.1.1-0-g43cf2f0\cakephp-cakephp-0cad237\lib\Cake\Routing\Dispatcher.php(85): Dispatcher->_invoke(Object(UsersController), Object(CakeRequest), Object(CakeResponse))
#10 C:\wamp\www\cakephp-cakephp-2.1.1-0-g43cf2f0\cakephp-cakephp-0cad237\app\webroot\index.php(96): Dispatcher->dispatch(Object(CakeRequest), Object(CakeResponse))
#11 {main}
2013-04-16 13:54:15 Error: [MissingControllerException] Controller class Cakephp-cakephp-0cad237Controller could not be found.
#0 C:\wamp\www\cakephp-cakephp-2.1.1-0-g43cf2f0\app\webroot\index.php(96): Dispatcher->dispatch(Object(CakeRequest), Object(CakeResponse))
#1 {main}
2013-04-16 13:54:19 Error: [MissingControllerException] Controller class Cakephp-cakephp-0cad237Controller could not be found.
#0 C:\wamp\www\cakephp-cakephp-2.1.1-0-g43cf2f0\app\webroot\index.php(96): Dispatcher->dispatch(Object(CakeRequest), Object(CakeResponse))
#1 {main}
2013-04-16 13:55:49 Error: [MissingControllerException] Controller class Cakephp-cakephp-0cad237Controller could not be found.
#0 C:\wamp\www\cakephp-cakephp-2.1.1-0-g43cf2f0\app\webroot\index.php(96): Dispatcher->dispatch(Object(CakeRequest), Object(CakeResponse))
#1 {main}
2013-04-16 13:58:47 Error: [BadRequestException] The request has been black-holed
#0 C:\wamp\www\cakephp-cakephp-2.1.1-0-g43cf2f0\lib\Cake\Controller\Component\SecurityComponent.php(227): SecurityComponent->blackHole(Object(ContactController), 'csrf')
#1 [internal function]: SecurityComponent->startup(Object(ContactController))
#2 C:\wamp\www\cakephp-cakephp-2.1.1-0-g43cf2f0\lib\Cake\Utility\ObjectCollection.php(130): call_user_func_array(Array, Array)
#3 [internal function]: ObjectCollection->trigger(Object(CakeEvent))
#4 C:\wamp\www\cakephp-cakephp-2.1.1-0-g43cf2f0\lib\Cake\Event\CakeEventManager.php(246): call_user_func(Array, Object(CakeEvent))
#5 C:\wamp\www\cakephp-cakephp-2.1.1-0-g43cf2f0\lib\Cake\Controller\Controller.php(671): CakeEventManager->dispatch(Object(CakeEvent))
#6 C:\wamp\www\cakephp-cakephp-2.1.1-0-g43cf2f0\lib\Cake\Routing\Dispatcher.php(100): Controller->startupProcess()
#7 C:\wamp\www\cakephp-cakephp-2.1.1-0-g43cf2f0\lib\Cake\Routing\Dispatcher.php(85): Dispatcher->_invoke(Object(ContactController), Object(CakeRequest), Object(CakeResponse))
#8 C:\wamp\www\cakephp-cakephp-2.1.1-0-g43cf2f0\app\webroot\index.php(96): Dispatcher->dispatch(Object(CakeRequest), Object(CakeResponse))
#9 {main}
2013-04-16 13:58:56 Error: [BadRequestException] The request has been black-holed
#0 C:\wamp\www\cakephp-cakephp-2.1.1-0-g43cf2f0\lib\Cake\Controller\Component\SecurityComponent.php(227): SecurityComponent->blackHole(Object(ContactController), 'csrf')
#1 [internal function]: SecurityComponent->startup(Object(ContactController))
#2 C:\wamp\www\cakephp-cakephp-2.1.1-0-g43cf2f0\lib\Cake\Utility\ObjectCollection.php(130): call_user_func_array(Array, Array)
#3 [internal function]: ObjectCollection->trigger(Object(CakeEvent))
#4 C:\wamp\www\cakephp-cakephp-2.1.1-0-g43cf2f0\lib\Cake\Event\CakeEventManager.php(246): call_user_func(Array, Object(CakeEvent))
#5 C:\wamp\www\cakephp-cakephp-2.1.1-0-g43cf2f0\lib\Cake\Controller\Controller.php(671): CakeEventManager->dispatch(Object(CakeEvent))
#6 C:\wamp\www\cakephp-cakephp-2.1.1-0-g43cf2f0\lib\Cake\Routing\Dispatcher.php(100): Controller->startupProcess()
#7 C:\wamp\www\cakephp-cakephp-2.1.1-0-g43cf2f0\lib\Cake\Routing\Dispatcher.php(85): Dispatcher->_invoke(Object(ContactController), Object(CakeRequest), Object(CakeResponse))
#8 C:\wamp\www\cakephp-cakephp-2.1.1-0-g43cf2f0\app\webroot\index.php(96): Dispatcher->dispatch(Object(CakeRequest), Object(CakeResponse))
#9 {main}
2013-04-16 14:01:02 Error: [MissingControllerException] Controller class ImgController could not be found.
#0 C:\wamp\www\cakephp-cakephp-2.1.1-0-g43cf2f0\app\webroot\index.php(96): Dispatcher->dispatch(Object(CakeRequest), Object(CakeResponse))
#1 {main}
2013-04-16 14:01:11 Error: [MissingControllerException] Controller class ImgController could not be found.
#0 C:\wamp\www\cakephp-cakephp-2.1.1-0-g43cf2f0\app\webroot\index.php(96): Dispatcher->dispatch(Object(CakeRequest), Object(CakeResponse))
#1 {main}
2013-04-16 14:06:49 Error: [MissingControllerException] Controller class ImgController could not be found.
#0 C:\wamp\www\cakephp-cakephp-2.1.1-0-g43cf2f0\app\webroot\index.php(96): Dispatcher->dispatch(Object(CakeRequest), Object(CakeResponse))
#1 {main}
2013-04-16 16:34:08 Error: [MissingActionException] Action ContactController::contact() could not be found.
#0 C:\wamp\www\cakephp\lib\Cake\Routing\Dispatcher.php(103): Controller->invokeAction(Object(CakeRequest))
#1 C:\wamp\www\cakephp\lib\Cake\Routing\Dispatcher.php(85): Dispatcher->_invoke(Object(ContactController), Object(CakeRequest), Object(CakeResponse))
#2 C:\wamp\www\cakephp\app\webroot\index.php(96): Dispatcher->dispatch(Object(CakeRequest), Object(CakeResponse))
#3 {main}
2013-04-16 16:34:11 Error: [MissingActionException] Action ContactController::contact() could not be found.
#0 C:\wamp\www\cakephp\lib\Cake\Routing\Dispatcher.php(103): Controller->invokeAction(Object(CakeRequest))
#1 C:\wamp\www\cakephp\lib\Cake\Routing\Dispatcher.php(85): Dispatcher->_invoke(Object(ContactController), Object(CakeRequest), Object(CakeResponse))
#2 C:\wamp\www\cakephp\app\webroot\index.php(96): Dispatcher->dispatch(Object(CakeRequest), Object(CakeResponse))
#3 {main}
2013-04-16 16:35:20 Error: [MissingActionException] Action ContactController::contact() could not be found.
#0 C:\wamp\www\cakephp\lib\Cake\Routing\Dispatcher.php(103): Controller->invokeAction(Object(CakeRequest))
#1 C:\wamp\www\cakephp\lib\Cake\Routing\Dispatcher.php(85): Dispatcher->_invoke(Object(ContactController), Object(CakeRequest), Object(CakeResponse))
#2 C:\wamp\www\cakephp\app\webroot\index.php(96): Dispatcher->dispatch(Object(CakeRequest), Object(CakeResponse))
#3 {main}
2013-04-16 16:38:26 Error: [MissingActionException] Action ContactController::contact() could not be found.
#0 C:\wamp\www\cakephp\lib\Cake\Routing\Dispatcher.php(103): Controller->invokeAction(Object(CakeRequest))
#1 C:\wamp\www\cakephp\lib\Cake\Routing\Dispatcher.php(85): Dispatcher->_invoke(Object(ContactController), Object(CakeRequest), Object(CakeResponse))
#2 C:\wamp\www\cakephp\app\webroot\index.php(96): Dispatcher->dispatch(Object(CakeRequest), Object(CakeResponse))
#3 {main}
2013-04-16 16:39:27 Error: [MissingActionException] Action ContactController::contact() could not be found.
#0 C:\wamp\www\cakephp\lib\Cake\Routing\Dispatcher.php(103): Controller->invokeAction(Object(CakeRequest))
#1 C:\wamp\www\cakephp\lib\Cake\Routing\Dispatcher.php(85): Dispatcher->_invoke(Object(ContactController), Object(CakeRequest), Object(CakeResponse))
#2 C:\wamp\www\cakephp\app\webroot\index.php(96): Dispatcher->dispatch(Object(CakeRequest), Object(CakeResponse))
#3 {main}
2013-04-16 16:39:30 Error: [MissingActionException] Action ContactController::contact() could not be found.
#0 C:\wamp\www\cakephp\lib\Cake\Routing\Dispatcher.php(103): Controller->invokeAction(Object(CakeRequest))
#1 C:\wamp\www\cakephp\lib\Cake\Routing\Dispatcher.php(85): Dispatcher->_invoke(Object(ContactController), Object(CakeRequest), Object(CakeResponse))
#2 C:\wamp\www\cakephp\app\webroot\index.php(96): Dispatcher->dispatch(Object(CakeRequest), Object(CakeResponse))
#3 {main}
2013-04-16 16:39:41 Error: [MissingViewException] View file "C:\wamp\www\cakephp\app\View\Pages\contact.ctp" is missing.
#0 C:\wamp\www\cakephp\lib\Cake\View\View.php(460): View->_getViewFileName('contact')
#1 C:\wamp\www\cakephp\lib\Cake\Controller\Controller.php(959): View->render('contact', NULL)
#2 C:\wamp\www\cakephp\app\Controller\PagesController.php(80): Controller->render('contact')
#3 [internal function]: PagesController->display('contact')
#4 C:\wamp\www\cakephp\lib\Cake\Controller\Controller.php(485): ReflectionMethod->invokeArgs(Object(PagesController), Array)
#5 C:\wamp\www\cakephp\lib\Cake\Routing\Dispatcher.php(103): Controller->invokeAction(Object(CakeRequest))
#6 C:\wamp\www\cakephp\lib\Cake\Routing\Dispatcher.php(85): Dispatcher->_invoke(Object(PagesController), Object(CakeRequest), Object(CakeResponse))
#7 C:\wamp\www\cakephp\app\webroot\index.php(96): Dispatcher->dispatch(Object(CakeRequest), Object(CakeResponse))
#8 {main}
2013-04-16 16:40:12 Error: [MissingViewException] View file "C:\wamp\www\cakephp\app\View\Pages\contact.ctp" is missing.
#0 C:\wamp\www\cakephp\lib\Cake\View\View.php(460): View->_getViewFileName('contact')
#1 C:\wamp\www\cakephp\lib\Cake\Controller\Controller.php(959): View->render('contact', NULL)
#2 C:\wamp\www\cakephp\app\Controller\PagesController.php(80): Controller->render('contact')
#3 [internal function]: PagesController->display('contact')
#4 C:\wamp\www\cakephp\lib\Cake\Controller\Controller.php(485): ReflectionMethod->invokeArgs(Object(PagesController), Array)
#5 C:\wamp\www\cakephp\lib\Cake\Routing\Dispatcher.php(103): Controller->invokeAction(Object(CakeRequest))
#6 C:\wamp\www\cakephp\lib\Cake\Routing\Dispatcher.php(85): Dispatcher->_invoke(Object(PagesController), Object(CakeRequest), Object(CakeResponse))
#7 C:\wamp\www\cakephp\app\webroot\index.php(96): Dispatcher->dispatch(Object(CakeRequest), Object(CakeResponse))
#8 {main}
2013-04-16 16:50:28 Error: [MissingControllerException] Controller class DisplayController could not be found.
#0 C:\wamp\www\cakephp\app\webroot\index.php(96): Dispatcher->dispatch(Object(CakeRequest), Object(CakeResponse))
#1 {main}
2013-04-16 16:50:43 Error: [MissingControllerException] Controller class DisplayController could not be found.
#0 C:\wamp\www\cakephp\app\webroot\index.php(96): Dispatcher->dispatch(Object(CakeRequest), Object(CakeResponse))
#1 {main}
2013-04-16 16:50:50 Error: [MissingControllerException] Controller class DisplayController could not be found.
#0 C:\wamp\www\cakephp\app\webroot\index.php(96): Dispatcher->dispatch(Object(CakeRequest), Object(CakeResponse))
#1 {main}
2013-04-16 16:51:09 Error: [MissingControllerException] Controller class DisplayController could not be found.
#0 C:\wamp\www\cakephp\app\webroot\index.php(96): Dispatcher->dispatch(Object(CakeRequest), Object(CakeResponse))
#1 {main}
2013-04-16 16:51:13 Error: [MissingControllerException] Controller class DisplayController could not be found.
#0 C:\wamp\www\cakephp\app\webroot\index.php(96): Dispatcher->dispatch(Object(CakeRequest), Object(CakeResponse))
#1 {main}
2013-04-16 16:51:14 Error: [MissingControllerException] Controller class DisplayController could not be found.
#0 C:\wamp\www\cakephp\app\webroot\index.php(96): Dispatcher->dispatch(Object(CakeRequest), Object(CakeResponse))
#1 {main}
2013-04-16 16:52:57 Error: [MissingControllerException] Controller class DisplayController could not be found.
#0 C:\wamp\www\cakephp\app\webroot\index.php(96): Dispatcher->dispatch(Object(CakeRequest), Object(CakeResponse))
#1 {main}
2013-04-16 17:27:25 Error: [MissingConnectionException] Database connection "SQLSTATE[HY000] [1049] Unknown database 'bddsite'" is missing, or could not be created.
#0 C:\wamp\www\cakephp\lib\Cake\Model\Datasource\DboSource.php(245): Mysql->connect()
#1 C:\wamp\www\cakephp\lib\Cake\Model\ConnectionManager.php(101): DboSource->__construct(Array)
#2 C:\wamp\www\cakephp\lib\Cake\Model\Model.php(3372): ConnectionManager::getDataSource('default')
#3 C:\wamp\www\cakephp\lib\Cake\Model\Model.php(1083): Model->setDataSource('default')
#4 C:\wamp\www\cakephp\lib\Cake\Model\Model.php(3398): Model->setSource('users')
#5 C:\wamp\www\cakephp\lib\Cake\Model\Model.php(1276): Model->getDataSource()
#6 C:\wamp\www\cakephp\lib\Cake\View\Helper\FormHelper.php(191): Model->schema()
#7 C:\wamp\www\cakephp\lib\Cake\View\Helper\FormHelper.php(444): FormHelper->_introspectModel('User', 'fields')
#8 C:\wamp\www\cakephp\app\View\Users\login.ctp(2): FormHelper->create('User')
#9 C:\wamp\www\cakephp\lib\Cake\View\View.php(908): include('C:\wamp\www\cak...')
#10 C:\wamp\www\cakephp\lib\Cake\View\View.php(872): View->_evaluate('C:\wamp\www\cak...', Array)
#11 C:\wamp\www\cakephp\lib\Cake\View\View.php(463): View->_render('C:\wamp\www\cak...')
#12 C:\wamp\www\cakephp\lib\Cake\Controller\Controller.php(959): View->render(NULL, NULL)
#13 C:\wamp\www\cakephp\lib\Cake\Routing\Dispatcher.php(110): Controller->render()
#14 C:\wamp\www\cakephp\lib\Cake\Routing\Dispatcher.php(85): Dispatcher->_invoke(Object(UsersController), Object(CakeRequest), Object(CakeResponse))
#15 C:\wamp\www\cakephp\app\webroot\index.php(96): Dispatcher->dispatch(Object(CakeRequest), Object(CakeResponse))
#16 {main}
2013-04-16 17:27:30 Error: [MissingControllerException] Controller class LoginController could not be found.
#0 C:\wamp\www\cakephp\app\webroot\index.php(96): Dispatcher->dispatch(Object(CakeRequest), Object(CakeResponse))
#1 {main}
2013-04-16 17:30:46 Error: [MissingControllerException] Controller class LoginController could not be found.
#0 C:\wamp\www\cakephp\app\webroot\index.php(96): Dispatcher->dispatch(Object(CakeRequest), Object(CakeResponse))
#1 {main}
2013-04-16 17:31:27 Error: [MissingControllerException] Controller class LoginController could not be found.
#0 C:\wamp\www\cakephp\app\webroot\index.php(96): Dispatcher->dispatch(Object(CakeRequest), Object(CakeResponse))
#1 {main}
2013-04-16 17:42:38 Error: [MissingConnectionException] Database connection "SQLSTATE[HY000] [1049] Unknown database 'bddsite'" is missing, or could not be created.
#0 C:\wamp\www\cakephp\lib\Cake\Model\Datasource\DboSource.php(245): Mysql->connect()
#1 C:\wamp\www\cakephp\lib\Cake\Model\ConnectionManager.php(101): DboSource->__construct(Array)
#2 C:\wamp\www\cakephp\lib\Cake\Model\Model.php(3372): ConnectionManager::getDataSource('default')
#3 C:\wamp\www\cakephp\lib\Cake\Model\Model.php(1083): Model->setDataSource('default')
#4 C:\wamp\www\cakephp\lib\Cake\Model\Model.php(3398): Model->setSource('users')
#5 C:\wamp\www\cakephp\lib\Cake\Model\Model.php(1276): Model->getDataSource()
#6 C:\wamp\www\cakephp\lib\Cake\View\Helper\FormHelper.php(191): Model->schema()
#7 C:\wamp\www\cakephp\lib\Cake\View\Helper\FormHelper.php(444): FormHelper->_introspectModel('User', 'fields')
#8 C:\wamp\www\cakephp\app\View\Users\login.ctp(2): FormHelper->create('User')
#9 C:\wamp\www\cakephp\lib\Cake\View\View.php(908): include('C:\wamp\www\cak...')
#10 C:\wamp\www\cakephp\lib\Cake\View\View.php(872): View->_evaluate('C:\wamp\www\cak...', Array)
#11 C:\wamp\www\cakephp\lib\Cake\View\View.php(463): View->_render('C:\wamp\www\cak...')
#12 C:\wamp\www\cakephp\lib\Cake\Controller\Controller.php(959): View->render(NULL, NULL)
#13 C:\wamp\www\cakephp\lib\Cake\Routing\Dispatcher.php(110): Controller->render()
#14 C:\wamp\www\cakephp\lib\Cake\Routing\Dispatcher.php(85): Dispatcher->_invoke(Object(UsersController), Object(CakeRequest), Object(CakeResponse))
#15 C:\wamp\www\cakephp\app\webroot\index.php(96): Dispatcher->dispatch(Object(CakeRequest), Object(CakeResponse))
#16 {main}
2013-04-16 17:44:12 Error: [MissingTableException] Table users for model User was not found in datasource default.
#0 C:\wamp\www\cakephp\lib\Cake\Model\Model.php(3398): Model->setSource('users')
#1 C:\wamp\www\cakephp\lib\Cake\Model\Model.php(1276): Model->getDataSource()
#2 C:\wamp\www\cakephp\lib\Cake\View\Helper\FormHelper.php(191): Model->schema()
#3 C:\wamp\www\cakephp\lib\Cake\View\Helper\FormHelper.php(444): FormHelper->_introspectModel('User', 'fields')
#4 C:\wamp\www\cakephp\app\View\Users\login.ctp(2): FormHelper->create('User')
#5 C:\wamp\www\cakephp\lib\Cake\View\View.php(908): include('C:\wamp\www\cak...')
#6 C:\wamp\www\cakephp\lib\Cake\View\View.php(872): View->_evaluate('C:\wamp\www\cak...', Array)
#7 C:\wamp\www\cakephp\lib\Cake\View\View.php(463): View->_render('C:\wamp\www\cak...')
#8 C:\wamp\www\cakephp\lib\Cake\Controller\Controller.php(959): View->render(NULL, NULL)
#9 C:\wamp\www\cakephp\lib\Cake\Routing\Dispatcher.php(110): Controller->render()
#10 C:\wamp\www\cakephp\lib\Cake\Routing\Dispatcher.php(85): Dispatcher->_invoke(Object(UsersController), Object(CakeRequest), Object(CakeResponse))
#11 C:\wamp\www\cakephp\app\webroot\index.php(96): Dispatcher->dispatch(Object(CakeRequest), Object(CakeResponse))
#12 {main}
2013-04-16 17:44:14 Error: [MissingTableException] Table users for model User was not found in datasource default.
#0 C:\wamp\www\cakephp\lib\Cake\Model\Model.php(3398): Model->setSource('users')
#1 C:\wamp\www\cakephp\lib\Cake\Model\Model.php(1276): Model->getDataSource()
#2 C:\wamp\www\cakephp\lib\Cake\View\Helper\FormHelper.php(191): Model->schema()
#3 C:\wamp\www\cakephp\lib\Cake\View\Helper\FormHelper.php(444): FormHelper->_introspectModel('User', 'fields')
#4 C:\wamp\www\cakephp\app\View\Users\login.ctp(2): FormHelper->create('User')
#5 C:\wamp\www\cakephp\lib\Cake\View\View.php(908): include('C:\wamp\www\cak...')
#6 C:\wamp\www\cakephp\lib\Cake\View\View.php(872): View->_evaluate('C:\wamp\www\cak...', Array)
#7 C:\wamp\www\cakephp\lib\Cake\View\View.php(463): View->_render('C:\wamp\www\cak...')
#8 C:\wamp\www\cakephp\lib\Cake\Controller\Controller.php(959): View->render(NULL, NULL)
#9 C:\wamp\www\cakephp\lib\Cake\Routing\Dispatcher.php(110): Controller->render()
#10 C:\wamp\www\cakephp\lib\Cake\Routing\Dispatcher.php(85): Dispatcher->_invoke(Object(UsersController), Object(CakeRequest), Object(CakeResponse))
#11 C:\wamp\www\cakephp\app\webroot\index.php(96): Dispatcher->dispatch(Object(CakeRequest), Object(CakeResponse))
#12 {main}
2013-04-16 17:45:01 Error: [MissingControllerException] Controller class LoginController could not be found.
#0 C:\wamp\www\cakephp\app\webroot\index.php(96): Dispatcher->dispatch(Object(CakeRequest), Object(CakeResponse))
#1 {main}
2013-04-17 07:15:58 Error: [MissingControllerException] Controller class DisplayController could not be found.
#0 C:\wamp\www\cakephp\app\webroot\index.php(96): Dispatcher->dispatch(Object(CakeRequest), Object(CakeResponse))
#1 {main}
